Compiled jquery.js  (2ms)  (pid 3670)
Compiled jquery_ujs.js  (0ms)  (pid 3670)
Compiled companies.js  (183ms)  (pid 3670)
Compiled cssrefresh.js  (0ms)  (pid 3670)
Compiled gui.js  (0ms)  (pid 3670)
Compiled industries.js  (143ms)  (pid 3670)
Compiled jobs.js  (120ms)  (pid 3670)
Compiled jquery-1.9.1.js  (4ms)  (pid 3670)
Compiled jquery-ui.js  (36ms)  (pid 3670)
Compiled lib/cssrefresh.js  (0ms)  (pid 3670)
Compiled lib/jquery-1.9.1.js  (2ms)  (pid 3670)
Compiled lib/jquery-ui.js  (35ms)  (pid 3670)
Compiled possessions.js  (109ms)  (pid 3670)
Compiled users.js  (113ms)  (pid 3670)
Compiled application.js  (943ms)  (pid 3670)
Compiled common.css  (0ms)  (pid 3670)
Compiled companies.css  (9ms)  (pid 3670)
Compiled form-mobile.css  (0ms)  (pid 3670)
Compiled form.css  (0ms)  (pid 3670)
Compiled industries.css  (1ms)  (pid 3670)
Compiled jobs.css  (1ms)  (pid 3670)
Compiled jquery-ui.css  (0ms)  (pid 3670)
Compiled possessions.css  (1ms)  (pid 3670)
Compiled scaffolds.css  (15ms)  (pid 3670)
Compiled site.css  (0ms)  (pid 3670)
Compiled users.css  (1ms)  (pid 3670)
Compiled welcome.css  (0ms)  (pid 3670)
Compiled application.css  (90ms)  (pid 3670)
Compiled jquery.js  (2ms)  (pid 3670)
Compiled jquery_ujs.js  (0ms)  (pid 3670)
Compiled companies.js  (145ms)  (pid 3670)
Compiled cssrefresh.js  (0ms)  (pid 3670)
Compiled gui.js  (0ms)  (pid 3670)
Compiled industries.js  (110ms)  (pid 3670)
Compiled jobs.js  (117ms)  (pid 3670)
Compiled jquery-1.9.1.js  (2ms)  (pid 3670)
Compiled jquery-ui.js  (11ms)  (pid 3670)
Compiled lib/cssrefresh.js  (0ms)  (pid 3670)
Compiled lib/jquery-1.9.1.js  (3ms)  (pid 3670)
Compiled lib/jquery-ui.js  (36ms)  (pid 3670)
Compiled possessions.js  (115ms)  (pid 3670)
Compiled users.js  (118ms)  (pid 3670)
Compiled application.js  (868ms)  (pid 3670)
Compiled common.css  (0ms)  (pid 3670)
Compiled companies.css  (9ms)  (pid 3670)
Compiled form-mobile.css  (0ms)  (pid 3670)
Compiled form.css  (0ms)  (pid 3670)
Compiled industries.css  (1ms)  (pid 3670)
Compiled jobs.css  (1ms)  (pid 3670)
Compiled jquery-ui.css  (0ms)  (pid 3670)
Compiled possessions.css  (1ms)  (pid 3670)
Compiled scaffolds.css  (17ms)  (pid 3670)
Compiled site.css  (0ms)  (pid 3670)
Compiled users.css  (1ms)  (pid 3670)
Compiled welcome.css  (0ms)  (pid 3670)
Compiled application.css  (102ms)  (pid 3670)
Compiled jquery.js  (34ms)  (pid 7076)
Compiled jquery_ujs.js  (0ms)  (pid 7076)
Compiled companies.js  (195ms)  (pid 7076)
Compiled gui.js  (0ms)  (pid 7076)
Compiled industries.js  (141ms)  (pid 7076)
Compiled jobs.js  (119ms)  (pid 7076)
Compiled jquery-1.9.1.js  (5ms)  (pid 7076)
Compiled jquery-ui.js  (39ms)  (pid 7076)
Compiled possessions.js  (122ms)  (pid 7076)
Compiled users.js  (117ms)  (pid 7076)
Compiled application.js  (869ms)  (pid 7076)
Compiled common.css  (0ms)  (pid 7076)
Compiled companies.css  (9ms)  (pid 7076)
Compiled form-mobile.css  (0ms)  (pid 7076)
Compiled form.css  (0ms)  (pid 7076)
Compiled industries.css  (1ms)  (pid 7076)
Compiled jobs.css  (1ms)  (pid 7076)
Compiled jquery-ui.css  (0ms)  (pid 7076)
Compiled possessions.css  (1ms)  (pid 7076)
Compiled scaffolds.css  (15ms)  (pid 7076)
Compiled site.css  (0ms)  (pid 7076)
Compiled users.css  (1ms)  (pid 7076)
Compiled welcome.css  (0ms)  (pid 7076)
Compiled application.css  (122ms)  (pid 7076)
Compiled jquery.js  (3ms)  (pid 7076)
Compiled jquery_ujs.js  (1ms)  (pid 7076)
Compiled companies.js  (168ms)  (pid 7076)
Compiled gui.js  (0ms)  (pid 7076)
Compiled industries.js  (135ms)  (pid 7076)
Compiled jobs.js  (146ms)  (pid 7076)
Compiled jquery-1.9.1.js  (4ms)  (pid 7076)
Compiled jquery-ui.js  (13ms)  (pid 7076)
Compiled possessions.js  (125ms)  (pid 7076)
Compiled users.js  (116ms)  (pid 7076)
Compiled application.js  (872ms)  (pid 7076)
Compiled common.css  (0ms)  (pid 7076)
Compiled companies.css  (8ms)  (pid 7076)
Compiled form-mobile.css  (0ms)  (pid 7076)
Compiled form.css  (0ms)  (pid 7076)
Compiled industries.css  (1ms)  (pid 7076)
Compiled jobs.css  (1ms)  (pid 7076)
Compiled jquery-ui.css  (0ms)  (pid 7076)
Compiled possessions.css  (31ms)  (pid 7076)
Compiled scaffolds.css  (15ms)  (pid 7076)
Compiled site.css  (0ms)  (pid 7076)
Compiled users.css  (1ms)  (pid 7076)
Compiled welcome.css  (0ms)  (pid 7076)
Compiled application.css  (118ms)  (pid 7076)
